<?xml version="1.0" encoding="UTF-8"?><testsuite errors="3" failures="0" name="Wow Chat slot" skipped="0" tests="3" time="20.89" timestamp="2021-07-07 01:21:47"><testcase name="Booking a WOW Chat Slot"><error message="element click intercepted: Element &lt;button type=&quot;submit&quot; class=&quot;btn btn-logout&quot;&gt;...&lt;/button&gt; is not clickable at point (728, 39). Other element would receive the click: &lt;div id=&quot;jsoverlay&quot; style=&quot;&quot;&gt;...&lt;/div&gt;&#10;  (Session info: headless chrome=91.0.4472.114)&#10;Build info: version: '3.141.59', revision: 'e82be7d358', time: '2018-11-14T08:17:03'&#10;System info: host: 'EC2AMAZ-0JU55CN', ip: '172.17.7.203', os.name: 'Windows Server 2016', os.arch: 'amd64', os.version: '10.0', java.version: '11.0.10'&#10;Driver info: org.openqa.selenium.remote.RemoteWebDriver&#10;Capabilities {acceptInsecureCerts: false, browserName: chrome, browserVersion: 91.0.4472.114, chrome: {chromedriverVersion: 91.0.4472.19 (1bf021f248676..., userDataDir: D:\Users\Daniel-Morgan\AppD...}, goog:chromeOptions: {debuggerAddress: localhost:56915}, javascriptEnabled: true, networkConnectionEnabled: false, pageLoadStrategy: normal, platform: WINDOWS, platformName: WINDOWS, proxy: Proxy(), setWindowRect: true, strictFileInteractability: false, timeouts: {implicit: 0, pageLoad: 300000, script: 30000}, unhandledPromptBehavior: dismiss and notify, webauthn:extension:largeBlob: true, webauthn:virtualAuthenticators: true}&#10;Session ID: 5dbeddf1830a1155d8681c4b8afdf4c7&#10;Build info: version: '3.141.59', revision: 'e82be7d358', time: '2018-11-14T08:17:03'&#10;System info: host: 'EC2AMAZ-0JU55CN', ip: '172.17.7.203', os.name: 'Windows Server 2016', os.arch: 'amd64', os.version: '10.0', java.version: '11.0.10'&#10;Driver info: driver.version: unknown" type="org.openqa.selenium.ElementClickInterceptedException">element click intercepted: Element &lt;button type="submit" class="btn btn-logout"&gt;...&lt;/button&gt; is not clickable at point (728, 39). Other element would receive the click: &lt;div id="jsoverlay" style=""&gt;...&lt;/div&gt;
  (Session info: headless chrome=91.0.4472.114)
Build info: version: '3.141.59', revision: 'e82be7d358', time: '2018-11-14T08:17:03'
System info: host: 'EC2AMAZ-0JU55CN', ip: '172.17.7.203', os.name: 'Windows Server 2016', os.arch: 'amd64', os.version: '10.0', java.version: '11.0.10'
Driver info: org.openqa.selenium.remote.RemoteWebDriver
Capabilities {acceptInsecureCerts: false, browserName: chrome, browserVersion: 91.0.4472.114, chrome: {chromedriverVersion: 91.0.4472.19 (1bf021f248676..., userDataDir: D:\Users\Daniel-Morgan\AppD...}, goog:chromeOptions: {debuggerAddress: localhost:56915}, javascriptEnabled: true, networkConnectionEnabled: false, pageLoadStrategy: normal, platform: WINDOWS, platformName: WINDOWS, proxy: Proxy(), setWindowRect: true, strictFileInteractability: false, timeouts: {implicit: 0, pageLoad: 300000, script: 30000}, unhandledPromptBehavior: dismiss and notify, webauthn:extension:largeBlob: true, webauthn:virtualAuthenticators: true}
Session ID: 5dbeddf1830a1155d8681c4b8afdf4c7
Build info: version: '3.141.59', revision: 'e82be7d358', time: '2018-11-14T08:17:03'
System info: host: 'EC2AMAZ-0JU55CN', ip: '172.17.7.203', os.name: 'Windows Server 2016', os.arch: 'amd64', os.version: '10.0', java.version: '11.0.10'
Driver info: driver.version: unknown</error><system-err>element click intercepted: Element &lt;button type="submit" class="btn btn-logout"&gt;...&lt;/button&gt; is not clickable at point (728, 39). Other element would receive the click: &lt;div id="jsoverlay" style=""&gt;...&lt;/div&gt;
  (Session info: headless chrome=91.0.4472.114)
Build info: version: '3.141.59', revision: 'e82be7d358', time: '2018-11-14T08:17:03'
System info: host: 'EC2AMAZ-0JU55CN', ip: '172.17.7.203', os.name: 'Windows Server 2016', os.arch: 'amd64', os.version: '10.0', java.version: '11.0.10'
Driver info: org.openqa.selenium.remote.RemoteWebDriver
Capabilities {acceptInsecureCerts: false, browserName: chrome, browserVersion: 91.0.4472.114, chrome: {chromedriverVersion: 91.0.4472.19 (1bf021f248676..., userDataDir: D:\Users\Daniel-Morgan\AppD...}, goog:chromeOptions: {debuggerAddress: localhost:56915}, javascriptEnabled: true, networkConnectionEnabled: false, pageLoadStrategy: normal, platform: WINDOWS, platformName: WINDOWS, proxy: Proxy(), setWindowRect: true, strictFileInteractability: false, timeouts: {implicit: 0, pageLoad: 300000, script: 30000}, unhandledPromptBehavior: dismiss and notify, webauthn:extension:largeBlob: true, webauthn:virtualAuthenticators: true}
Session ID: 5dbeddf1830a1155d8681c4b8afdf4c7
Build info: version: '3.141.59', revision: 'e82be7d358', time: '2018-11-14T08:17:03'
System info: host: 'EC2AMAZ-0JU55CN', ip: '172.17.7.203', os.name: 'Windows Server 2016', os.arch: 'amd64', os.version: '10.0', java.version: '11.0.10'
Driver info: driver.version: unknown&#13;
pages.HomePage.LogOut(HomePage.java:91)&#13;
starter.stepdefinitions.loginSteps.logOutOfMWL(loginSteps.java:52)&#13;
✽.log out of MWL(src/test/resources/features/Admin_Level/Training&amp;Development_Dashboard/WowChat.feature:11)&#13;
</system-err></testcase><testcase name="Editing a booked WOW Chat Slot"><error message="Timed out after 5 seconds. Element not found&#10;For documentation on this error, please visit: https://www.seleniumhq.org/exceptions/no_such_element.html&#10;Build info: version: '3.141.59', revision: 'e82be7d358', time: '2018-11-14T08:17:03'&#10;System info: host: 'EC2AMAZ-0JU55CN', ip: '172.17.7.203', os.name: 'Windows Server 2016', os.arch: 'amd64', os.version: '10.0', java.version: '11.0.10'&#10;Driver info: driver.version: unknown&#10;For documentation on this error, please visit: https://www.seleniumhq.org/exceptions/no_such_element.html&#10;Build info: version: '3.141.59', revision: 'e82be7d358', time: '2018-11-14T08:17:03'&#10;System info: host: 'EC2AMAZ-0JU55CN', ip: '172.17.7.203', os.name: 'Windows Server 2016', os.arch: 'amd64', os.version: '10.0', java.version: '11.0.10'&#10;Driver info: driver.version: unknown" type="org.openqa.selenium.NoSuchElementException">Timed out after 5 seconds. Element not found
For documentation on this error, please visit: https://www.seleniumhq.org/exceptions/no_such_element.html
Build info: version: '3.141.59', revision: 'e82be7d358', time: '2018-11-14T08:17:03'
System info: host: 'EC2AMAZ-0JU55CN', ip: '172.17.7.203', os.name: 'Windows Server 2016', os.arch: 'amd64', os.version: '10.0', java.version: '11.0.10'
Driver info: driver.version: unknown
For documentation on this error, please visit: https://www.seleniumhq.org/exceptions/no_such_element.html
Build info: version: '3.141.59', revision: 'e82be7d358', time: '2018-11-14T08:17:03'
System info: host: 'EC2AMAZ-0JU55CN', ip: '172.17.7.203', os.name: 'Windows Server 2016', os.arch: 'amd64', os.version: '10.0', java.version: '11.0.10'
Driver info: driver.version: unknown</error><system-err>Timed out after 5 seconds. Element not found
For documentation on this error, please visit: https://www.seleniumhq.org/exceptions/no_such_element.html
Build info: version: '3.141.59', revision: 'e82be7d358', time: '2018-11-14T08:17:03'
System info: host: 'EC2AMAZ-0JU55CN', ip: '172.17.7.203', os.name: 'Windows Server 2016', os.arch: 'amd64', os.version: '10.0', java.version: '11.0.10'
Driver info: driver.version: unknown
For documentation on this error, please visit: https://www.seleniumhq.org/exceptions/no_such_element.html
Build info: version: '3.141.59', revision: 'e82be7d358', time: '2018-11-14T08:17:03'
System info: host: 'EC2AMAZ-0JU55CN', ip: '172.17.7.203', os.name: 'Windows Server 2016', os.arch: 'amd64', os.version: '10.0', java.version: '11.0.10'
Driver info: driver.version: unknown&#13;
pages.Admin.TrainingAndDevelopment_Dashboard.WowChatPage.EditWowSlotSlot(WowChatPage.java:76)&#13;
starter.stepdefinitions.Admin.TrainingAndDevelopment_Dashboard.WowChatSteps.editsAWOWChatSlot(WowChatSteps.java:39)&#13;
✽.edits a WOW Chat Slot(src/test/resources/features/Admin_Level/Training&amp;Development_Dashboard/WowChat.feature:17)&#13;
</system-err></testcase><testcase name="Deleting a booked WOW Chat Slot"><error message="element click intercepted: Element &lt;button type=&quot;submit&quot; class=&quot;btn btn-logout&quot;&gt;...&lt;/button&gt; is not clickable at point (728, 15). Other element would receive the click: &lt;div class=&quot;jconfirm-holder&quot; style=&quot;padding-top: 40px; padding-bottom: 40px;&quot;&gt;...&lt;/div&gt;&#10;  (Session info: headless chrome=91.0.4472.114)&#10;Build info: version: '3.141.59', revision: 'e82be7d358', time: '2018-11-14T08:17:03'&#10;System info: host: 'EC2AMAZ-0JU55CN', ip: '172.17.7.203', os.name: 'Windows Server 2016', os.arch: 'amd64', os.version: '10.0', java.version: '11.0.10'&#10;Driver info: org.openqa.selenium.remote.RemoteWebDriver&#10;Capabilities {acceptInsecureCerts: false, browserName: chrome, browserVersion: 91.0.4472.114, chrome: {chromedriverVersion: 91.0.4472.19 (1bf021f248676..., userDataDir: D:\Users\Daniel-Morgan\AppD...}, goog:chromeOptions: {debuggerAddress: localhost:59727}, javascriptEnabled: true, networkConnectionEnabled: false, pageLoadStrategy: normal, platform: WINDOWS, platformName: WINDOWS, proxy: Proxy(), setWindowRect: true, strictFileInteractability: false, timeouts: {implicit: 0, pageLoad: 300000, script: 30000}, unhandledPromptBehavior: dismiss and notify, webauthn:extension:largeBlob: true, webauthn:virtualAuthenticators: true}&#10;Session ID: 7fe9118c58ad7549d483fc45eb7477fb&#10;Build info: version: '3.141.59', revision: 'e82be7d358', time: '2018-11-14T08:17:03'&#10;System info: host: 'EC2AMAZ-0JU55CN', ip: '172.17.7.203', os.name: 'Windows Server 2016', os.arch: 'amd64', os.version: '10.0', java.version: '11.0.10'&#10;Driver info: driver.version: unknown" type="org.openqa.selenium.ElementClickInterceptedException">element click intercepted: Element &lt;button type="submit" class="btn btn-logout"&gt;...&lt;/button&gt; is not clickable at point (728, 15). Other element would receive the click: &lt;div class="jconfirm-holder" style="padding-top: 40px; padding-bottom: 40px;"&gt;...&lt;/div&gt;
  (Session info: headless chrome=91.0.4472.114)
Build info: version: '3.141.59', revision: 'e82be7d358', time: '2018-11-14T08:17:03'
System info: host: 'EC2AMAZ-0JU55CN', ip: '172.17.7.203', os.name: 'Windows Server 2016', os.arch: 'amd64', os.version: '10.0', java.version: '11.0.10'
Driver info: org.openqa.selenium.remote.RemoteWebDriver
Capabilities {acceptInsecureCerts: false, browserName: chrome, browserVersion: 91.0.4472.114, chrome: {chromedriverVersion: 91.0.4472.19 (1bf021f248676..., userDataDir: D:\Users\Daniel-Morgan\AppD...}, goog:chromeOptions: {debuggerAddress: localhost:59727}, javascriptEnabled: true, networkConnectionEnabled: false, pageLoadStrategy: normal, platform: WINDOWS, platformName: WINDOWS, proxy: Proxy(), setWindowRect: true, strictFileInteractability: false, timeouts: {implicit: 0, pageLoad: 300000, script: 30000}, unhandledPromptBehavior: dismiss and notify, webauthn:extension:largeBlob: true, webauthn:virtualAuthenticators: true}
Session ID: 7fe9118c58ad7549d483fc45eb7477fb
Build info: version: '3.141.59', revision: 'e82be7d358', time: '2018-11-14T08:17:03'
System info: host: 'EC2AMAZ-0JU55CN', ip: '172.17.7.203', os.name: 'Windows Server 2016', os.arch: 'amd64', os.version: '10.0', java.version: '11.0.10'
Driver info: driver.version: unknown</error><system-err>element click intercepted: Element &lt;button type="submit" class="btn btn-logout"&gt;...&lt;/button&gt; is not clickable at point (728, 15). Other element would receive the click: &lt;div class="jconfirm-holder" style="padding-top: 40px; padding-bottom: 40px;"&gt;...&lt;/div&gt;
  (Session info: headless chrome=91.0.4472.114)
Build info: version: '3.141.59', revision: 'e82be7d358', time: '2018-11-14T08:17:03'
System info: host: 'EC2AMAZ-0JU55CN', ip: '172.17.7.203', os.name: 'Windows Server 2016', os.arch: 'amd64', os.version: '10.0', java.version: '11.0.10'
Driver info: org.openqa.selenium.remote.RemoteWebDriver
Capabilities {acceptInsecureCerts: false, browserName: chrome, browserVersion: 91.0.4472.114, chrome: {chromedriverVersion: 91.0.4472.19 (1bf021f248676..., userDataDir: D:\Users\Daniel-Morgan\AppD...}, goog:chromeOptions: {debuggerAddress: localhost:59727}, javascriptEnabled: true, networkConnectionEnabled: false, pageLoadStrategy: normal, platform: WINDOWS, platformName: WINDOWS, proxy: Proxy(), setWindowRect: true, strictFileInteractability: false, timeouts: {implicit: 0, pageLoad: 300000, script: 30000}, unhandledPromptBehavior: dismiss and notify, webauthn:extension:largeBlob: true, webauthn:virtualAuthenticators: true}
Session ID: 7fe9118c58ad7549d483fc45eb7477fb
Build info: version: '3.141.59', revision: 'e82be7d358', time: '2018-11-14T08:17:03'
System info: host: 'EC2AMAZ-0JU55CN', ip: '172.17.7.203', os.name: 'Windows Server 2016', os.arch: 'amd64', os.version: '10.0', java.version: '11.0.10'
Driver info: driver.version: unknown&#13;
pages.HomePage.LogOut(HomePage.java:91)&#13;
starter.stepdefinitions.loginSteps.logOutOfMWL(loginSteps.java:52)&#13;
✽.log out of MWL(src/test/resources/features/Admin_Level/Training&amp;Development_Dashboard/WowChat.feature:25)&#13;
</system-err></testcase></testsuite>