<?xml version="1.0" encoding="UTF-8"?><testsuite errors="2" failures="0" name="Training slot" skipped="0" tests="3" time="12.29" timestamp="2021-07-07 01:21:34"><testcase name="Booking a Training Slot"><error message="element click intercepted: Element &lt;button type=&quot;submit&quot; class=&quot;btn btn-logout&quot;&gt;...&lt;/button&gt; is not clickable at point (728, 39). Other element would receive the click: &lt;div id=&quot;jsoverlay&quot; style=&quot;&quot;&gt;...&lt;/div&gt;&#10;  (Session info: headless chrome=91.0.4472.114)&#10;Build info: version: '3.141.59', revision: 'e82be7d358', time: '2018-11-14T08:17:03'&#10;System info: host: 'EC2AMAZ-0JU55CN', ip: '172.17.7.203', os.name: 'Windows Server 2016', os.arch: 'amd64', os.version: '10.0', java.version: '11.0.10'&#10;Driver info: org.openqa.selenium.remote.RemoteWebDriver&#10;Capabilities {acceptInsecureCerts: false, browserName: chrome, browserVersion: 91.0.4472.114, chrome: {chromedriverVersion: 91.0.4472.19 (1bf021f248676..., userDataDir: D:\Users\Daniel-Morgan\AppD...}, goog:chromeOptions: {debuggerAddress: localhost:51322}, javascriptEnabled: true, networkConnectionEnabled: false, pageLoadStrategy: normal, platform: WINDOWS, platformName: WINDOWS, proxy: Proxy(), setWindowRect: true, strictFileInteractability: false, timeouts: {implicit: 0, pageLoad: 300000, script: 30000}, unhandledPromptBehavior: dismiss and notify, webauthn:extension:largeBlob: true, webauthn:virtualAuthenticators: true}&#10;Session ID: 630151c91a04bcf86c7f249b1c56e186&#10;Build info: version: '3.141.59', revision: 'e82be7d358', time: '2018-11-14T08:17:03'&#10;System info: host: 'EC2AMAZ-0JU55CN', ip: '172.17.7.203', os.name: 'Windows Server 2016', os.arch: 'amd64', os.version: '10.0', java.version: '11.0.10'&#10;Driver info: driver.version: unknown" type="org.openqa.selenium.ElementClickInterceptedException">element click intercepted: Element &lt;button type="submit" class="btn btn-logout"&gt;...&lt;/button&gt; is not clickable at point (728, 39). Other element would receive the click: &lt;div id="jsoverlay" style=""&gt;...&lt;/div&gt;
  (Session info: headless chrome=91.0.4472.114)
Build info: version: '3.141.59', revision: 'e82be7d358', time: '2018-11-14T08:17:03'
System info: host: 'EC2AMAZ-0JU55CN', ip: '172.17.7.203', os.name: 'Windows Server 2016', os.arch: 'amd64', os.version: '10.0', java.version: '11.0.10'
Driver info: org.openqa.selenium.remote.RemoteWebDriver
Capabilities {acceptInsecureCerts: false, browserName: chrome, browserVersion: 91.0.4472.114, chrome: {chromedriverVersion: 91.0.4472.19 (1bf021f248676..., userDataDir: D:\Users\Daniel-Morgan\AppD...}, goog:chromeOptions: {debuggerAddress: localhost:51322}, javascriptEnabled: true, networkConnectionEnabled: false, pageLoadStrategy: normal, platform: WINDOWS, platformName: WINDOWS, proxy: Proxy(), setWindowRect: true, strictFileInteractability: false, timeouts: {implicit: 0, pageLoad: 300000, script: 30000}, unhandledPromptBehavior: dismiss and notify, webauthn:extension:largeBlob: true, webauthn:virtualAuthenticators: true}
Session ID: 630151c91a04bcf86c7f249b1c56e186
Build info: version: '3.141.59', revision: 'e82be7d358', time: '2018-11-14T08:17:03'
System info: host: 'EC2AMAZ-0JU55CN', ip: '172.17.7.203', os.name: 'Windows Server 2016', os.arch: 'amd64', os.version: '10.0', java.version: '11.0.10'
Driver info: driver.version: unknown</error><system-err>element click intercepted: Element &lt;button type="submit" class="btn btn-logout"&gt;...&lt;/button&gt; is not clickable at point (728, 39). Other element would receive the click: &lt;div id="jsoverlay" style=""&gt;...&lt;/div&gt;
  (Session info: headless chrome=91.0.4472.114)
Build info: version: '3.141.59', revision: 'e82be7d358', time: '2018-11-14T08:17:03'
System info: host: 'EC2AMAZ-0JU55CN', ip: '172.17.7.203', os.name: 'Windows Server 2016', os.arch: 'amd64', os.version: '10.0', java.version: '11.0.10'
Driver info: org.openqa.selenium.remote.RemoteWebDriver
Capabilities {acceptInsecureCerts: false, browserName: chrome, browserVersion: 91.0.4472.114, chrome: {chromedriverVersion: 91.0.4472.19 (1bf021f248676..., userDataDir: D:\Users\Daniel-Morgan\AppD...}, goog:chromeOptions: {debuggerAddress: localhost:51322}, javascriptEnabled: true, networkConnectionEnabled: false, pageLoadStrategy: normal, platform: WINDOWS, platformName: WINDOWS, proxy: Proxy(), setWindowRect: true, strictFileInteractability: false, timeouts: {implicit: 0, pageLoad: 300000, script: 30000}, unhandledPromptBehavior: dismiss and notify, webauthn:extension:largeBlob: true, webauthn:virtualAuthenticators: true}
Session ID: 630151c91a04bcf86c7f249b1c56e186
Build info: version: '3.141.59', revision: 'e82be7d358', time: '2018-11-14T08:17:03'
System info: host: 'EC2AMAZ-0JU55CN', ip: '172.17.7.203', os.name: 'Windows Server 2016', os.arch: 'amd64', os.version: '10.0', java.version: '11.0.10'
Driver info: driver.version: unknown&#13;
pages.HomePage.LogOut(HomePage.java:91)&#13;
starter.stepdefinitions.loginSteps.logOutOfMWL(loginSteps.java:52)&#13;
✽.log out of MWL(src/test/resources/features/Admin_Level/Training&amp;Development_Dashboard/Training.feature:11)&#13;
</system-err></testcase><testcase name="Editing a booked Training Slot"><error message="element click intercepted: Element &lt;button type=&quot;submit&quot; class=&quot;btn btn-logout&quot;&gt;...&lt;/button&gt; is not clickable at point (728, 39). Other element would receive the click: &lt;div id=&quot;jsoverlay&quot; style=&quot;&quot;&gt;...&lt;/div&gt;&#10;  (Session info: headless chrome=91.0.4472.114)&#10;Build info: version: '3.141.59', revision: 'e82be7d358', time: '2018-11-14T08:17:03'&#10;System info: host: 'EC2AMAZ-0JU55CN', ip: '172.17.7.203', os.name: 'Windows Server 2016', os.arch: 'amd64', os.version: '10.0', java.version: '11.0.10'&#10;Driver info: org.openqa.selenium.remote.RemoteWebDriver&#10;Capabilities {acceptInsecureCerts: false, browserName: chrome, browserVersion: 91.0.4472.114, chrome: {chromedriverVersion: 91.0.4472.19 (1bf021f248676..., userDataDir: D:\Users\Daniel-Morgan\AppD...}, goog:chromeOptions: {debuggerAddress: localhost:54716}, javascriptEnabled: true, networkConnectionEnabled: false, pageLoadStrategy: normal, platform: WINDOWS, platformName: WINDOWS, proxy: Proxy(), setWindowRect: true, strictFileInteractability: false, timeouts: {implicit: 0, pageLoad: 300000, script: 30000}, unhandledPromptBehavior: dismiss and notify, webauthn:extension:largeBlob: true, webauthn:virtualAuthenticators: true}&#10;Session ID: afa554548a60c9b560393d1098427346&#10;Build info: version: '3.141.59', revision: 'e82be7d358', time: '2018-11-14T08:17:03'&#10;System info: host: 'EC2AMAZ-0JU55CN', ip: '172.17.7.203', os.name: 'Windows Server 2016', os.arch: 'amd64', os.version: '10.0', java.version: '11.0.10'&#10;Driver info: driver.version: unknown" type="org.openqa.selenium.ElementClickInterceptedException">element click intercepted: Element &lt;button type="submit" class="btn btn-logout"&gt;...&lt;/button&gt; is not clickable at point (728, 39). Other element would receive the click: &lt;div id="jsoverlay" style=""&gt;...&lt;/div&gt;
  (Session info: headless chrome=91.0.4472.114)
Build info: version: '3.141.59', revision: 'e82be7d358', time: '2018-11-14T08:17:03'
System info: host: 'EC2AMAZ-0JU55CN', ip: '172.17.7.203', os.name: 'Windows Server 2016', os.arch: 'amd64', os.version: '10.0', java.version: '11.0.10'
Driver info: org.openqa.selenium.remote.RemoteWebDriver
Capabilities {acceptInsecureCerts: false, browserName: chrome, browserVersion: 91.0.4472.114, chrome: {chromedriverVersion: 91.0.4472.19 (1bf021f248676..., userDataDir: D:\Users\Daniel-Morgan\AppD...}, goog:chromeOptions: {debuggerAddress: localhost:54716}, javascriptEnabled: true, networkConnectionEnabled: false, pageLoadStrategy: normal, platform: WINDOWS, platformName: WINDOWS, proxy: Proxy(), setWindowRect: true, strictFileInteractability: false, timeouts: {implicit: 0, pageLoad: 300000, script: 30000}, unhandledPromptBehavior: dismiss and notify, webauthn:extension:largeBlob: true, webauthn:virtualAuthenticators: true}
Session ID: afa554548a60c9b560393d1098427346
Build info: version: '3.141.59', revision: 'e82be7d358', time: '2018-11-14T08:17:03'
System info: host: 'EC2AMAZ-0JU55CN', ip: '172.17.7.203', os.name: 'Windows Server 2016', os.arch: 'amd64', os.version: '10.0', java.version: '11.0.10'
Driver info: driver.version: unknown</error><system-err>element click intercepted: Element &lt;button type="submit" class="btn btn-logout"&gt;...&lt;/button&gt; is not clickable at point (728, 39). Other element would receive the click: &lt;div id="jsoverlay" style=""&gt;...&lt;/div&gt;
  (Session info: headless chrome=91.0.4472.114)
Build info: version: '3.141.59', revision: 'e82be7d358', time: '2018-11-14T08:17:03'
System info: host: 'EC2AMAZ-0JU55CN', ip: '172.17.7.203', os.name: 'Windows Server 2016', os.arch: 'amd64', os.version: '10.0', java.version: '11.0.10'
Driver info: org.openqa.selenium.remote.RemoteWebDriver
Capabilities {acceptInsecureCerts: false, browserName: chrome, browserVersion: 91.0.4472.114, chrome: {chromedriverVersion: 91.0.4472.19 (1bf021f248676..., userDataDir: D:\Users\Daniel-Morgan\AppD...}, goog:chromeOptions: {debuggerAddress: localhost:54716}, javascriptEnabled: true, networkConnectionEnabled: false, pageLoadStrategy: normal, platform: WINDOWS, platformName: WINDOWS, proxy: Proxy(), setWindowRect: true, strictFileInteractability: false, timeouts: {implicit: 0, pageLoad: 300000, script: 30000}, unhandledPromptBehavior: dismiss and notify, webauthn:extension:largeBlob: true, webauthn:virtualAuthenticators: true}
Session ID: afa554548a60c9b560393d1098427346
Build info: version: '3.141.59', revision: 'e82be7d358', time: '2018-11-14T08:17:03'
System info: host: 'EC2AMAZ-0JU55CN', ip: '172.17.7.203', os.name: 'Windows Server 2016', os.arch: 'amd64', os.version: '10.0', java.version: '11.0.10'
Driver info: driver.version: unknown&#13;
pages.HomePage.LogOut(HomePage.java:91)&#13;
starter.stepdefinitions.loginSteps.logOutOfMWL(loginSteps.java:52)&#13;
✽.log out of MWL(src/test/resources/features/Admin_Level/Training&amp;Development_Dashboard/Training.feature:18)&#13;
</system-err></testcase><testcase name="Deleting a booked Training Slot"/></testsuite>